<?xml version="1.0" encoding="UTF-8"?>
<testsuite name="SILab2Test" tests="2" skipped="0" failures="0" errors="0" timestamp="2021-05-25T21:54:29" hostname="MIHAILJORDAN" time="0.039">
  <properties/>
  <testcase name="testMultipleCondition()" classname="SILab2Test" time="0.035"/>
  <testcase name="testEveryBranch()" classname="SILab2Test" time="0.003"/>
  <system-out><![CDATA[]]></system-out>
  <system-err><![CDATA[]]></system-err>
</testsuite>
